<?xml version="1.0" encoding="UTF-8"?>
<!-- Generated by org.testng.reporters.JUnitReportReporter -->
<testsuite skipped="0" hostname="Venkatramanas-MacBook-Air.local" name="com.appium.demo.rbc.appiumrbcdemo.tests.StartApplication" tests="1" failures="0" timestamp="22 Dec 2018 18:20:30 GMT" time="33.034" errors="0">
  <testcase name="verifyKindleItems" time="33.034" classname="com.appium.demo.rbc.appiumrbcdemo.tests.StartApplication"/>
</testsuite> <!-- com.appium.demo.rbc.appiumrbcdemo.tests.StartApplication -->
